CXX compiler IPO check failed with the following output:
Change Dir: /Users/nooranis/Documents/Projects/Fincon/ERPAPP/android/app/.cxx/Debug/5de3c72f/armeabi-v7a/CMakeFiles/_CMakeLTOTest-CXX/bin

Run Build Command(s):/Users/nooranis/Library/Android/sdk/cmake/3.22.1/bin/ninja && [1/4] Building CXX object CMakeFiles/foo.dir/foo.cpp.o
[2/4] Building CXX object CMakeFiles/boo.dir/main.cpp.o
[3/4] Linking CXX static library libfoo.a
[4/4] Linking CXX executable boo
FAILED: boo 
: && /Users/nooranis/Library/Android/sdk/ndk/27.1.12297006/toolchains/llvm/prebuilt/darwin-x86_64/bin/clang++ --target=armv7-none-linux-androideabi21 --sysroot=/Users/nooranis/Library/Android/sdk/ndk/27.1.12297006/toolchains/llvm/prebuilt/darwin-x86_64/sysroot -g -DANDROID -fdata-sections -ffunction-sections -funwind-tables -fstack-protector-strong -no-canonical-prefixes -D_FORTIFY_SOURCE=2 -march=armv7-a -mthumb -Wformat -Werror=format-security   -flto=thin -static-libstdc++ -Wl,--build-id=sha1 -Wl,--no-rosegment -Wl,--no-undefined-version -Wl,--fatal-warnings -Wl,--no-undefined -Qunused-arguments     -fuse-ld=gold CMakeFiles/boo.dir/main.cpp.o -o boo  libfoo.a  -latomic -lm && :
clang++: error: invalid linker name in argument '-fuse-ld=gold'
clang++: error: invalid linker name in argument '-fuse-ld=gold'
ninja: build stopped: subcommand failed.


Checking whether the ASM compiler is GNU using "--version" did not match "(GNU assembler)|(GCC)|(Free Software Foundation)":
Android (12285214, +pgo, -bolt, +lto, -mlgo, based on r522817b) clang version 18.0.2 (https://android.googlesource.com/toolchain/llvm-project d8003a456d14a3deb8054cdaa529ffbf02d9b262)
Target: x86_64-apple-darwin24.6.0
Thread model: posix
InstalledDir: /Users/nooranis/Library/Android/sdk/ndk/27.1.12297006/toolchains/llvm/prebuilt/darwin-x86_64/bin
CXX compiler IPO check failed with the following output:
Change Dir: /Users/nooranis/Documents/Projects/Fincon/ERPAPP/android/app/.cxx/Debug/5de3c72f/armeabi-v7a/CMakeFiles/_CMakeLTOTest-CXX/bin

Run Build Command(s):/Users/nooranis/Library/Android/sdk/cmake/3.22.1/bin/ninja && [1/4] Building CXX object CMakeFiles/boo.dir/main.cpp.o
[2/4] Building CXX object CMakeFiles/foo.dir/foo.cpp.o
[3/4] Linking CXX static library libfoo.a
[4/4] Linking CXX executable boo
FAILED: boo 
: && /Users/nooranis/Library/Android/sdk/ndk/27.1.12297006/toolchains/llvm/prebuilt/darwin-x86_64/bin/clang++ --target=armv7-none-linux-androideabi21 --sysroot=/Users/nooranis/Library/Android/sdk/ndk/27.1.12297006/toolchains/llvm/prebuilt/darwin-x86_64/sysroot -g -DANDROID -fdata-sections -ffunction-sections -funwind-tables -fstack-protector-strong -no-canonical-prefixes -D_FORTIFY_SOURCE=2 -march=armv7-a -mthumb -Wformat -Werror=format-security   -flto=thin -static-libstdc++ -Wl,--build-id=sha1 -Wl,--no-rosegment -Wl,--no-undefined-version -Wl,--fatal-warnings -Wl,--no-undefined -Qunused-arguments     -fuse-ld=gold CMakeFiles/boo.dir/main.cpp.o -o boo  libfoo.a  -latomic -lm && :
clang++: error: invalid linker name in argument '-fuse-ld=gold'
clang++: error: invalid linker name in argument '-fuse-ld=gold'
ninja: build stopped: subcommand failed.


CXX compiler IPO check failed with the following output:
Change Dir: /Users/nooranis/Documents/Projects/Fincon/ERPAPP/android/app/.cxx/Debug/5de3c72f/armeabi-v7a/CMakeFiles/_CMakeLTOTest-CXX/bin

Run Build Command(s):/Users/nooranis/Library/Android/sdk/cmake/3.22.1/bin/ninja && [1/4] Building CXX object CMakeFiles/foo.dir/foo.cpp.o
[2/4] Building CXX object CMakeFiles/boo.dir/main.cpp.o
[3/4] Linking CXX static library libfoo.a
[4/4] Linking CXX executable boo
FAILED: boo 
: && /Users/nooranis/Library/Android/sdk/ndk/27.1.12297006/toolchains/llvm/prebuilt/darwin-x86_64/bin/clang++ --target=armv7-none-linux-androideabi21 --sysroot=/Users/nooranis/Library/Android/sdk/ndk/27.1.12297006/toolchains/llvm/prebuilt/darwin-x86_64/sysroot -g -DANDROID -fdata-sections -ffunction-sections -funwind-tables -fstack-protector-strong -no-canonical-prefixes -D_FORTIFY_SOURCE=2 -march=armv7-a -mthumb -Wformat -Werror=format-security   -flto=thin -static-libstdc++ -Wl,--build-id=sha1 -Wl,--no-rosegment -Wl,--no-undefined-version -Wl,--fatal-warnings -Wl,--no-undefined -Qunused-arguments     -fuse-ld=gold CMakeFiles/boo.dir/main.cpp.o -o boo  libfoo.a  -latomic -lm && :
clang++: error: invalid linker name in argument '-fuse-ld=gold'
clang++: error: invalid linker name in argument '-fuse-ld=gold'
ninja: build stopped: subcommand failed.


